sample/build/intermediates/manifest_merge_blame_file/release/manifest-merger-blame-release-report.txt
1<?xml version="1.0" encoding="utf-8"?>
2<manifest xmlns:android="http://schemas.android.com/apk/res/android"
3    package="com.developer.kalert.alert"
4    android:versionCode="36"
5    android:versionName="20.4.8" >
6
7    <uses-sdk
8        android:minSdkVersion="19"
8-->src\main\AndroidManifest.xml
9        android:targetSdkVersion="33" />
9-->src\main\AndroidManifest.xml
10
11    <uses-permission android:name="android.permission.INTERNET" />
11-->src\main\AndroidManifest.xml:5:5-66
11-->src\main\AndroidManifest.xml:5:22-64
12
13    <application
13-->src\main\AndroidManifest.xml:7:5-20:19
14        android:appComponentFactory="androidx.core.app.CoreComponentFactory"
14-->[androidx.core:core:1.8.0] AndroidManifest.xml:24:18-86
15        android:icon="@mipmap/ic_launcher"
15-->src\main\AndroidManifest.xml:9:9-43
16        android:label="@string/app_name"
16-->src\main\AndroidManifest.xml:8:9-41
17        android:testOnly="true"
18        android:theme="@style/Theme.App" >
18-->src\main\AndroidManifest.xml:10:9-41
19        <activity
19-->src\main\AndroidManifest.xml:12:9-19:20
20            android:name="com.developer.kalert.alert.SampleActivity"
20-->src\main\AndroidManifest.xml:12:19-49
21            android:exported="true"
21-->src\main\AndroidManifest.xml:14:13-36
22            android:theme="@style/Theme.App" >
22-->src\main\AndroidManifest.xml:13:13-45
23            <intent-filter>
23-->src\main\AndroidManifest.xml:15:13-18:29
24                <action android:name="android.intent.action.MAIN" />
24-->src\main\AndroidManifest.xml:16:17-68
24-->src\main\AndroidManifest.xml:16:25-66
25
26                <category android:name="android.intent.category.LAUNCHER" />
26-->src\main\AndroidManifest.xml:17:17-76
26-->src\main\AndroidManifest.xml:17:27-74
27            </intent-filter>
28        </activity>
29
30        <provider
30-->[androidx.emoji2:emoji2:1.2.0] AndroidManifest.xml:24:9-32:20
31            android:name="androidx.startup.InitializationProvider"
31-->[androidx.emoji2:emoji2:1.2.0] AndroidManifest.xml:25:13-67
32            android:authorities="com.developer.kalert.alert.androidx-startup"
32-->[androidx.emoji2:emoji2:1.2.0] AndroidManifest.xml:26:13-68
33            android:exported="false" >
33-->[androidx.emoji2:emoji2:1.2.0] AndroidManifest.xml:27:13-37
34            <meta-data
34-->[androidx.emoji2:emoji2:1.2.0] AndroidManifest.xml:29:13-31:52
35                android:name="androidx.emoji2.text.EmojiCompatInitializer"
35-->[androidx.emoji2:emoji2:1.2.0] AndroidManifest.xml:30:17-75
36                android:value="androidx.startup" />
36-->[androidx.emoji2:emoji2:1.2.0] AndroidManifest.xml:31:17-49
37            <meta-data
37-->[androidx.lifecycle:lifecycle-process:2.4.1] AndroidManifest.xml:31:13-33:52
38                android:name="androidx.lifecycle.ProcessLifecycleInitializer"
38-->[androidx.lifecycle:lifecycle-process:2.4.1] AndroidManifest.xml:32:17-78
39                android:value="androidx.startup" />
39-->[androidx.lifecycle:lifecycle-process:2.4.1] AndroidManifest.xml:33:17-49
40        </provider>
41    </application>
42
43</manifest>